# JRE version: OpenJDK Runtime Environment Microsoft-8035246 (17.0.8+7) (build 17.0.8+7-LTS)
# Java VM: OpenJDK 64-Bit Server VM Microsoft-8035246 (17.0.8+7-LTS, mixed mode, sharing, tiered, compressed oops, compressed class ptrs, g1 gc, windows-amd64)
GC Precious Log:
 CPUs: 12 total, 12 available
 Memory: 16205M
 Large Page Support: Disabled
 NUMA Support: Disabled
 Compressed Oops: Enabled (32-bit)
 Heap Region Size: 1M
 Heap Min Capacity: 8M
 Heap Initial Capacity: 254M
 Heap Max Capacity: 2G
 Pre-touch: Disabled
 Parallel Workers: 10
 Concurrent Workers: 3
 Concurrent Refinement Workers: 10
 Periodic GC: Disabled
Heap:
 garbage-first heap   total 289792K, used 239528K [0x0000000080000000, 0x0000000100000000)
  region size 1024K, 57 young (58368K), 8 survivors (8192K)
 Metaspace       used 100078K, committed 101312K, reserved 557056K
  class space    used 14050K, committed 14656K, reserved 425984K
GC Heap History (20 events):
Event: 19.860 GC heap before
{Heap before GC invocations=60 (full 0):
 garbage-first heap   total 211968K, used 180785K [0x0000000080000000, 0x0000000100000000)
  region size 1024K, 16 young (16384K), 1 survivors (1024K)
 Metaspace       used 93966K, committed 95040K, reserved 557056K
  class space    used 13219K, committed 13696K, reserved 425984K
}
Event: 19.879 GC heap after
{Heap after GC invocations=61 (full 0):
 garbage-first heap   total 211968K, used 165790K [0x0000000080000000, 0x0000000100000000)
  region size 1024K, 2 young (2048K), 2 survivors (2048K)
 Metaspace       used 93966K, committed 95040K, reserved 557056K
  class space    used 13219K, committed 13696K, reserved 425984K
}
Event: 20.057 GC heap before
{Heap before GC invocations=61 (full 0):
 garbage-first heap   total 211968K, used 181150K [0x0000000080000000, 0x0000000100000000)
  region size 1024K, 17 young (17408K), 2 survivors (2048K)
 Metaspace       used 95264K, committed 96384K, reserved 557056K
  class space    used 13408K, committed 13952K, reserved 425984K
}
Event: 20.060 GC heap after
{Heap after GC invocations=62 (full 0):
 garbage-first heap   total 211968K, used 166686K [0x0000000080000000, 0x0000000100000000)
  region size 1024K, 3 young (3072K), 3 survivors (3072K)
 Metaspace       used 95264K, committed 96384K, reserved 557056K
  class space    used 13408K, committed 13952K, reserved 425984K
}
Event: 20.257 GC heap before
{Heap before GC invocations=62 (full 0):
 garbage-first heap   total 211968K, used 182046K [0x0000000080000000, 0x0000000100000000)
  region size 1024K, 18 young (18432K), 3 survivors (3072K)
 Metaspace       used 96259K, committed 97408K, reserved 557056K
  class space    used 13532K, committed 14080K, reserved 425984K
}
Event: 20.260 GC heap after
{Heap after GC invocations=63 (full 0):
 garbage-first heap   total 211968K, used 167991K [0x0000000080000000, 0x0000000100000000)
  region size 1024K, 3 young (3072K), 3 survivors (3072K)
 Metaspace       used 96259K, committed 97408K, reserved 557056K
  class space    used 13532K, committed 14080K, reserved 425984K
}
Event: 20.435 GC heap before
{Heap before GC invocations=63 (full 0):
 garbage-first heap   total 211968K, used 183351K [0x0000000080000000, 0x0000000100000000)
  region size 1024K, 18 young (18432K), 3 survivors (3072K)
 Metaspace       used 96646K, committed 97792K, reserved 557056K
  class space    used 13594K, committed 14144K, reserved 425984K
}
Event: 20.439 GC heap after
{Heap after GC invocations=64 (full 0):
 garbage-first heap   total 211968K, used 169629K [0x0000000080000000, 0x0000000100000000)
  region size 1024K, 3 young (3072K), 3 survivors (3072K)
 Metaspace       used 96646K, committed 97792K, reserved 557056K
  class space    used 13594K, committed 14144K, reserved 425984K
}
Event: 20.585 GC heap before
{Heap before GC invocations=64 (full 0):
 garbage-first heap   total 211968K, used 183965K [0x0000000080000000, 0x0000000100000000)
  region size 1024K, 17 young (17408K), 3 survivors (3072K)
 Metaspace       used 97234K, committed 98368K, reserved 557056K
  class space    used 13656K, committed 14208K, reserved 425984K
}
Event: 20.589 GC heap after
{Heap after GC invocations=65 (full 0):
 garbage-first heap   total 211968K, used 172648K [0x0000000080000000, 0x0000000100000000)
  region size 1024K, 3 young (3072K), 3 survivors (3072K)
 Metaspace       used 97234K, committed 98368K, reserved 557056K
  class space    used 13656K, committed 14208K, reserved 425984K
}
Event: 20.672 GC heap before
{Heap before GC invocations=65 (full 0):
 garbage-first heap   total 211968K, used 183912K [0x0000000080000000, 0x0000000100000000)
  region size 1024K, 14 young (14336K), 3 survivors (3072K)
 Metaspace       used 97578K, committed 98752K, reserved 557056K
  class space    used 13700K, committed 14272K, reserved 425984K
}
Event: 20.675 GC heap after
{Heap after GC invocations=66 (full 0):
 garbage-first heap   total 211968K, used 174207K [0x0000000080000000, 0x0000000100000000)
  region size 1024K, 2 young (2048K), 2 survivors (2048K)
 Metaspace       used 97578K, committed 98752K, reserved 557056K
  class space    used 13700K, committed 14272K, reserved 425984K
}
Event: 20.751 GC heap before
{Heap before GC invocations=66 (full 0):
 garbage-first heap   total 211968K, used 184447K [0x0000000080000000, 0x0000000100000000)
  region size 1024K, 12 young (12288K), 2 survivors (2048K)
 Metaspace       used 97891K, committed 99008K, reserved 557056K
  class space    used 13739K, committed 14272K, reserved 425984K
}
Event: 20.753 GC heap after
{Heap after GC invocations=67 (full 0):
 garbage-first heap   total 289792K, used 175537K [0x0000000080000000, 0x0000000100000000)
  region size 1024K, 2 young (2048K), 2 survivors (2048K)
 Metaspace       used 97891K, committed 99008K, reserved 557056K
  class space    used 13739K, committed 14272K, reserved 425984K
}
Event: 21.261 GC heap before
{Heap before GC invocations=67 (full 0):
 garbage-first heap   total 289792K, used 242097K [0x0000000080000000, 0x0000000100000000)
  region size 1024K, 67 young (68608K), 2 survivors (2048K)
 Metaspace       used 98491K, committed 99648K, reserved 557056K
  class space    used 13782K, committed 14336K, reserved 425984K
}
Event: 21.266 GC heap after
{Heap after GC invocations=68 (full 0):
 garbage-first heap   total 289792K, used 181776K [0x0000000080000000, 0x0000000100000000)
  region size 1024K, 8 young (8192K), 8 survivors (8192K)
 Metaspace       used 98491K, committed 99648K, reserved 557056K
  class space    used 13782K, committed 14336K, reserved 425984K
}
Event: 21.594 GC heap before
{Heap before GC invocations=68 (full 0):
 garbage-first heap   total 289792K, used 242192K [0x0000000080000000, 0x0000000100000000)
  region size 1024K, 68 young (69632K), 8 survivors (8192K)
 Metaspace       used 99641K, committed 100864K, reserved 557056K
  class space    used 13998K, committed 14592K, reserved 425984K
}
Event: 21.600 GC heap after
{Heap after GC invocations=69 (full 0):
 garbage-first heap   total 289792K, used 186030K [0x0000000080000000, 0x0000000100000000)
  region size 1024K, 5 young (5120K), 5 survivors (5120K)
 Metaspace       used 99641K, committed 100864K, reserved 557056K
  class space    used 13998K, committed 14592K, reserved 425984K
}
Event: 21.921 GC heap before
{Heap before GC invocations=69 (full 0):
 garbage-first heap   total 289792K, used 243374K [0x0000000080000000, 0x0000000100000000)
  region size 1024K, 62 young (63488K), 5 survivors (5120K)
 Metaspace       used 100046K, committed 101248K, reserved 557056K
  class space    used 14049K, committed 14656K, reserved 425984K
}
Event: 21.933 GC heap after
{Heap after GC invocations=70 (full 0):
 garbage-first heap   total 289792K, used 191400K [0x0000000080000000, 0x0000000100000000)
  region size 1024K, 8 young (8192K), 8 survivors (8192K)
 Metaspace       used 100046K, committed 101248K, reserved 557056K
  class space    used 14049K, committed 14656K, reserved 425984K
}

